{"/home/diego/Documents/ITAcademy/S3-Testing/src/data.js": {"path":"/home/diego/Documents/ITAcademy/S3-Testing/src/data.js","statementMap":{"0":{"start":{"line":1,"column":15},"end":{"line":2003,"column":1}},"1":{"start":{"line":2006,"column":0},"end":{"line":2008,"column":1}},"2":{"start":{"line":2007,"column":2},"end":{"line":2007,"column":26}}},"fnMap":{},"branchMap":{"0":{"loc":{"start":{"line":2006,"column":0},"end":{"line":2008,"column":1}},"type":"if","locations":[{"start":{"line":2006,"column":0},"end":{"line":2008,"column":1}},{"start":{},"end":{}}],"line":2006}},"s":{"0":1,"1":1,"2":1},"f":{},"b":{"0":[1,0]},"_coverageSchema":"1a1c01bbd47fc00a2c39e90264f33305004495a9","hash":"684113110c947f5156ffafffa2b0fb2a3857a22f"}
,"/home/diego/Documents/ITAcademy/S3-Testing/src/films.js": {"path":"/home/diego/Documents/ITAcademy/S3-Testing/src/films.js","statementMap":{"0":{"start":{"line":1,"column":15},"end":{"line":1,"column":37}},"1":{"start":{"line":5,"column":2},"end":{"line":5,"column":46}},"2":{"start":{"line":5,"column":30},"end":{"line":5,"column":44}},"3":{"start":{"line":10,"column":2},"end":{"line":10,"column":62}},"4":{"start":{"line":10,"column":33},"end":{"line":10,"column":60}},"5":{"start":{"line":15,"column":14},"end":{"line":15,"column":15}},"6":{"start":{"line":16,"column":19},"end":{"line":16,"column":20}},"7":{"start":{"line":17,"column":2},"end":{"line":22,"column":7}},"8":{"start":{"line":18,"column":24},"end":{"line":18,"column":52}},"9":{"start":{"line":20,"column":6},"end":{"line":20,"column":14}},"10":{"start":{"line":21,"column":6},"end":{"line":21,"column":32}},"11":{"start":{"line":23,"column":2},"end":{"line":23,"column":28}},"12":{"start":{"line":28,"column":22},"end":{"line":30,"column":39}},"13":{"start":{"line":29,"column":20},"end":{"line":29,"column":31}},"14":{"start":{"line":30,"column":20},"end":{"line":30,"column":38}},"15":{"start":{"line":31,"column":2},"end":{"line":33,"column":3}},"16":{"start":{"line":32,"column":4},"end":{"line":32,"column":36}},"17":{"start":{"line":34,"column":2},"end":{"line":34,"column":21}},"18":{"start":{"line":39,"column":21},"end":{"line":41,"column":3}},"19":{"start":{"line":40,"column":14},"end":{"line":40,"column":63}},"20":{"start":{"line":42,"column":2},"end":{"line":42,"column":20}},"21":{"start":{"line":47,"column":19},"end":{"line":47,"column":20}},"22":{"start":{"line":48,"column":14},"end":{"line":48,"column":15}},"23":{"start":{"line":50,"column":2},"end":{"line":55,"column":5}},"24":{"start":{"line":51,"column":4},"end":{"line":54,"column":5}},"25":{"start":{"line":52,"column":6},"end":{"line":52,"column":32}},"26":{"start":{"line":53,"column":6},"end":{"line":53,"column":14}},"27":{"start":{"line":57,"column":2},"end":{"line":57,"column":69}},"28":{"start":{"line":62,"column":15},"end":{"line":62,"column":48}},"29":{"start":{"line":63,"column":2},"end":{"line":67,"column":5}},"30":{"start":{"line":64,"column":37},"end":{"line":64,"column":62}},"31":{"start":{"line":65,"column":19},"end":{"line":65,"column":59}},"32":{"start":{"line":66,"column":4},"end":{"line":66,"column":30}},"33":{"start":{"line":69,"column":2},"end":{"line":69,"column":14}},"34":{"start":{"line":74,"column":19},"end":{"line":78,"column":16}},"35":{"start":{"line":75,"column":23},"end":{"line":75,"column":42}},"36":{"start":{"line":76,"column":20},"end":{"line":76,"column":37}},"37":{"start":{"line":79,"column":2},"end":{"line":79,"column":18}},"38":{"start":{"line":84,"column":0},"end":{"line":95,"column":1}},"39":{"start":{"line":85,"column":2},"end":{"line":94,"column":4}}},"fnMap":{"0":{"name":"getAllDirectors","decl":{"start":{"line":4,"column":9},"end":{"line":4,"column":24}},"loc":{"start":{"line":4,"column":32},"end":{"line":6,"column":1}},"line":4},"1":{"name":"(anonymous_1)","decl":{"start":{"line":5,"column":19},"end":{"line":5,"column":20}},"loc":{"start":{"line":5,"column":30},"end":{"line":5,"column":44}},"line":5},"2":{"name":"getMoviesFromDirector","decl":{"start":{"line":9,"column":9},"end":{"line":9,"column":30}},"loc":{"start":{"line":9,"column":48},"end":{"line":11,"column":1}},"line":9},"3":{"name":"(anonymous_3)","decl":{"start":{"line":10,"column":22},"end":{"line":10,"column":23}},"loc":{"start":{"line":10,"column":33},"end":{"line":10,"column":60}},"line":10},"4":{"name":"moviesAverageOfDirector","decl":{"start":{"line":14,"column":9},"end":{"line":14,"column":32}},"loc":{"start":{"line":14,"column":50},"end":{"line":24,"column":1}},"line":14},"5":{"name":"(anonymous_5)","decl":{"start":{"line":18,"column":12},"end":{"line":18,"column":13}},"loc":{"start":{"line":18,"column":24},"end":{"line":18,"column":52}},"line":18},"6":{"name":"(anonymous_6)","decl":{"start":{"line":19,"column":13},"end":{"line":19,"column":14}},"loc":{"start":{"line":19,"column":24},"end":{"line":22,"column":5}},"line":19},"7":{"name":"orderAlphabetically","decl":{"start":{"line":27,"column":9},"end":{"line":27,"column":28}},"loc":{"start":{"line":27,"column":36},"end":{"line":35,"column":1}},"line":27},"8":{"name":"(anonymous_8)","decl":{"start":{"line":29,"column":9},"end":{"line":29,"column":10}},"loc":{"start":{"line":29,"column":20},"end":{"line":29,"column":31}},"line":29},"9":{"name":"(anonymous_9)","decl":{"start":{"line":30,"column":10},"end":{"line":30,"column":11}},"loc":{"start":{"line":30,"column":20},"end":{"line":30,"column":38}},"line":30},"10":{"name":"orderByYear","decl":{"start":{"line":38,"column":9},"end":{"line":38,"column":20}},"loc":{"start":{"line":38,"column":28},"end":{"line":43,"column":1}},"line":38},"11":{"name":"(anonymous_11)","decl":{"start":{"line":40,"column":4},"end":{"line":40,"column":5}},"loc":{"start":{"line":40,"column":14},"end":{"line":40,"column":63}},"line":40},"12":{"name":"moviesAverageByCategory","decl":{"start":{"line":46,"column":9},"end":{"line":46,"column":32}},"loc":{"start":{"line":46,"column":47},"end":{"line":58,"column":1}},"line":46},"13":{"name":"(anonymous_13)","decl":{"start":{"line":50,"column":16},"end":{"line":50,"column":17}},"loc":{"start":{"line":50,"column":27},"end":{"line":55,"column":3}},"line":50},"14":{"name":"hoursToMinutes","decl":{"start":{"line":61,"column":9},"end":{"line":61,"column":23}},"loc":{"start":{"line":61,"column":31},"end":{"line":70,"column":1}},"line":61},"15":{"name":"(anonymous_15)","decl":{"start":{"line":63,"column":15},"end":{"line":63,"column":16}},"loc":{"start":{"line":63,"column":26},"end":{"line":67,"column":3}},"line":63},"16":{"name":"bestFilmOfYear","decl":{"start":{"line":73,"column":9},"end":{"line":73,"column":23}},"loc":{"start":{"line":73,"column":37},"end":{"line":80,"column":1}},"line":73},"17":{"name":"(anonymous_17)","decl":{"start":{"line":75,"column":12},"end":{"line":75,"column":13}},"loc":{"start":{"line":75,"column":23},"end":{"line":75,"column":42}},"line":75},"18":{"name":"(anonymous_18)","decl":{"start":{"line":76,"column":10},"end":{"line":76,"column":11}},"loc":{"start":{"line":76,"column":20},"end":{"line":76,"column":37}},"line":76}},"branchMap":{"0":{"loc":{"start":{"line":31,"column":2},"end":{"line":33,"column":3}},"type":"if","locations":[{"start":{"line":31,"column":2},"end":{"line":33,"column":3}},{"start":{},"end":{}}],"line":31},"1":{"loc":{"start":{"line":40,"column":14},"end":{"line":40,"column":63}},"type":"binary-expr","locations":[{"start":{"line":40,"column":14},"end":{"line":40,"column":29}},{"start":{"line":40,"column":33},"end":{"line":40,"column":63}}],"line":40},"2":{"loc":{"start":{"line":51,"column":4},"end":{"line":54,"column":5}},"type":"if","locations":[{"start":{"line":51,"column":4},"end":{"line":54,"column":5}},{"start":{},"end":{}}],"line":51},"3":{"loc":{"start":{"line":51,"column":8},"end":{"line":51,"column":70}},"type":"binary-expr","locations":[{"start":{"line":51,"column":8},"end":{"line":51,"column":35}},{"start":{"line":51,"column":39},"end":{"line":51,"column":70}}],"line":51},"4":{"loc":{"start":{"line":57,"column":9},"end":{"line":57,"column":68}},"type":"cond-expr","locations":[{"start":{"line":57,"column":21},"end":{"line":57,"column":64}},{"start":{"line":57,"column":67},"end":{"line":57,"column":68}}],"line":57},"5":{"loc":{"start":{"line":64,"column":11},"end":{"line":64,"column":20}},"type":"default-arg","locations":[{"start":{"line":64,"column":19},"end":{"line":64,"column":20}}],"line":64},"6":{"loc":{"start":{"line":64,"column":22},"end":{"line":64,"column":33}},"type":"default-arg","locations":[{"start":{"line":64,"column":32},"end":{"line":64,"column":33}}],"line":64},"7":{"loc":{"start":{"line":84,"column":0},"end":{"line":95,"column":1}},"type":"if","locations":[{"start":{"line":84,"column":0},"end":{"line":95,"column":1}},{"start":{},"end":{}}],"line":84}},"s":{"0":1,"1":3,"2":502,"3":3,"4":502,"5":3,"6":3,"7":3,"8":503,"9":16,"10":16,"11":3,"12":6,"13":47,"14":153,"15":6,"16":1,"17":5,"18":5,"19":1657,"20":5,"21":3,"22":3,"23":3,"24":503,"25":58,"26":58,"27":3,"28":6,"29":6,"30":753,"31":753,"32":753,"33":6,"34":3,"35":503,"36":12,"37":3,"38":1,"39":1},"f":{"0":3,"1":502,"2":3,"3":502,"4":3,"5":503,"6":16,"7":6,"8":47,"9":153,"10":5,"11":1657,"12":3,"13":503,"14":6,"15":753,"16":3,"17":503,"18":12},"b":{"0":[1,5],"1":[1657,281],"2":[58,445],"3":[503,58],"4":[2,1],"5":[0],"6":[16],"7":[1,0]},"_coverageSchema":"1a1c01bbd47fc00a2c39e90264f33305004495a9","hash":"0734a8b5a9a9c11794bf480b50dfc821c3d57333"}
}
