TN:
SF:src/data.js
FNF:0
FNH:0
DA:1,1
DA:2006,1
DA:2007,1
LF:3
LH:3
BRDA:2006,0,0,1
BRDA:2006,0,1,0
BRF:2
BRH:1
end_of_record
TN:
SF:src/films.js
FN:4,getAllDirectors
FN:5,(anonymous_1)
FN:9,getMoviesFromDirector
FN:10,(anonymous_3)
FN:14,moviesAverageOfDirector
FN:18,(anonymous_5)
FN:19,(anonymous_6)
FN:27,orderAlphabetically
FN:29,(anonymous_8)
FN:30,(anonymous_9)
FN:38,orderByYear
FN:40,(anonymous_11)
FN:46,moviesAverageByCategory
FN:50,(anonymous_13)
FN:61,hoursToMinutes
FN:63,(anonymous_15)
FN:73,bestFilmOfYear
FN:75,(anonymous_17)
FN:76,(anonymous_18)
FNF:19
FNH:19
FNDA:3,getAllDirectors
FNDA:502,(anonymous_1)
FNDA:3,getMoviesFromDirector
FNDA:502,(anonymous_3)
FNDA:3,moviesAverageOfDirector
FNDA:503,(anonymous_5)
FNDA:16,(anonymous_6)
FNDA:6,orderAlphabetically
FNDA:47,(anonymous_8)
FNDA:153,(anonymous_9)
FNDA:5,orderByYear
FNDA:1657,(anonymous_11)
FNDA:3,moviesAverageByCategory
FNDA:503,(anonymous_13)
FNDA:6,hoursToMinutes
FNDA:753,(anonymous_15)
FNDA:3,bestFilmOfYear
FNDA:503,(anonymous_17)
FNDA:12,(anonymous_18)
DA:1,1
DA:5,502
DA:10,502
DA:15,3
DA:16,3
DA:17,3
DA:18,503
DA:20,16
DA:21,16
DA:23,3
DA:28,6
DA:29,47
DA:30,153
DA:31,6
DA:32,1
DA:34,5
DA:39,5
DA:40,1657
DA:42,5
DA:47,3
DA:48,3
DA:50,3
DA:51,503
DA:52,58
DA:53,58
DA:57,3
DA:62,6
DA:63,6
DA:64,753
DA:65,753
DA:66,753
DA:69,6
DA:74,3
DA:75,503
DA:76,12
DA:79,3
DA:84,1
DA:85,1
LF:38
LH:38
BRDA:31,0,0,1
BRDA:31,0,1,5
BRDA:40,1,0,1657
BRDA:40,1,1,281
BRDA:51,2,0,58
BRDA:51,2,1,445
BRDA:51,3,0,503
BRDA:51,3,1,58
BRDA:57,4,0,2
BRDA:57,4,1,1
BRDA:64,5,0,0
BRDA:64,6,0,16
BRDA:84,7,0,1
BRDA:84,7,1,0
BRF:14
BRH:12
end_of_record
